<?xml version="1.0" encoding="UTF-8"?>
<!-- Generated by org.testng.reporters.JUnitXMLReporter -->
<testsuite hostname="KISHOR" ignored="0" name="Tes1622" tests="13" failures="0" timestamp="01 Jun 2022 17:53:33 GMT" time="127.105" errors="0">
  <testcase name="ValidationOnTitleTest" time="0.016" classname="TestCases.LogInPageTestCase"/>
  <testcase name="ValidationOnLogoTest" time="0.074" classname="TestCases.LogInPageTestCase"/>
  <testcase name="CreateAccountButtonValidation" time="0.068" classname="TestCases.LogInPageTestCase"/>
  <testcase name="ValidationButtonForTheForgetPassword" time="3.88" classname="TestCases.LogInPageTestCase"/>
  <testcase name="GoToCreteAcPage" time="0.138" classname="TestCases.LogInPageTestCase"/>
  <testcase name="ValidationloginPageTest" time="15.511" classname="TestCases.LogInPageTestCase"/>
  <testcase name="FirstnameClickIsSelectableValidationTest" time="1.272" classname="TestCases.CreatAccountTestCase"/>
  <testcase name="FirstnameClickIsSelectableValidationTest1" time="0.987" classname="TestCases.CreatAccountTestCase"/>
  <testcase name="FirstnameClickIsSelectableValidationTest2" time="2.1" classname="TestCases.CreatAccountTestCase"/>
  <testcase name="FirstnameClickIsSelectableValidationTest4" time="1.586" classname="TestCases.CreatAccountTestCase"/>
  <testcase name="enterAllDataFromExcel" time="2.666" classname="TestCases.CreatAccountTestCase"/>
  <testcase name="enterAllDataFromExcel" time="3.317" classname="TestCases.CreatAccountTestCase"/>
  <testcase name="enterAllDataFromExcel" time="3.212" classname="TestCases.CreatAccountTestCase"/>
</testsuite> <!-- Tes1622 -->
