<?xml version="1.0" encoding="UTF-8"?>
<!-- Generated by org.testng.reporters.JUnitXMLReporter -->
<testsuite hostname="KISHOR" ignored="0" name="Test" tests="13" failures="0" timestamp="2022-06-10T21:25:59 IST" time="171.107" errors="0">
  <testcase name="ValidationOnTitleTest" time="0.039" classname="TestCases.LogInPageTestCase"/>
  <testcase name="ValidationOnLogoTest" time="0.221" classname="TestCases.LogInPageTestCase"/>
  <testcase name="CreateAccountButtonValidation" time="0.058" classname="TestCases.LogInPageTestCase"/>
  <testcase name="ValidationButtonForTheForgetPassword" time="2.971" classname="TestCases.LogInPageTestCase"/>
  <testcase name="GoToCreteAcPage" time="0.151" classname="TestCases.LogInPageTestCase"/>
  <testcase name="ValidationloginPageTest" time="21.964" classname="TestCases.LogInPageTestCase"/>
  <testcase name="FirstnameClickIsSelectableValidationTest" time="1.3" classname="TestCases.CreatAccountTestCase"/>
  <testcase name="FirstnameClickIsSelectableValidationTest1" time="2.685" classname="TestCases.CreatAccountTestCase"/>
  <testcase name="FirstnameClickIsSelectableValidationTest2" time="2.528" classname="TestCases.CreatAccountTestCase"/>
  <testcase name="FirstnameClickIsSelectableValidationTest4" time="2.084" classname="TestCases.CreatAccountTestCase"/>
  <testcase name="enterAllDataFromExcel" time="5.336" classname="TestCases.CreatAccountTestCase"/>
  <testcase name="enterAllDataFromExcel" time="4.702" classname="TestCases.CreatAccountTestCase"/>
  <testcase name="enterAllDataFromExcel" time="3.859" classname="TestCases.CreatAccountTestCase"/>
</testsuite> <!-- Test -->
