<?xml version="1.0" encoding="UTF-8"?>
<!-- Generated by org.testng.reporters.JUnitXMLReporter -->
<testsuite hostname="KISHOR" ignored="0" name="Test1622" tests="5" failures="0" timestamp="01 Jun 2022 17:43:11 GMT" time="47.701" errors="0">
  <testcase name="ValidationOnTitleTest" time="0.023" classname="TestCases.LogInPageTestCase"/>
  <testcase name="FirstnameClickIsSelectableValidationTest" time="2.059" classname="TestCases.CreatAccountTestCase"/>
  <testcase name="enterAllDataFromExcel" time="4.321" classname="TestCases.CreatAccountTestCase"/>
  <testcase name="enterAllDataFromExcel" time="2.547" classname="TestCases.CreatAccountTestCase"/>
  <testcase name="enterAllDataFromExcel" time="3.681" classname="TestCases.CreatAccountTestCase"/>
</testsuite> <!-- Test1622 -->
